<?xml version="1.0" encoding="UTF-8"?>
<!-- Generated by org.testng.reporters.JUnitXMLReporter -->
<testsuite ignored="0" hostname="DESKTOP-802I4IN" failures="0" tests="5" name="Default test" time="43.343" errors="0" timestamp="2022-11-26T20:46:57 IST">
  <testcase classname="com.qa.linkedin.testcases.LinkedinFeedPageTest" name="navigateToLoginPageTest" time="4.396"/>
  <testcase classname="com.qa.linkedin.testcases.LinkedinFeedPageTest" name="doLoginTest" time="21.376"/>
  <testcase classname="com.qa.linkedin.testcases.LinkedinFeedPageTest" name="verifyProfileRailcardTest" time="0.912"/>
  <testcase classname="com.qa.linkedin.testcases.LinkedinFeedPageTest" name="verifyFeedPageTitleTest" time="0.03"/>
  <testcase classname="com.qa.linkedin.testcases.LinkedinFeedPageTest" name="doLogoutTest" time="3.652"/>
</testsuite> <!-- Default test -->
