<?xml version="1.0" encoding="UTF-8"?>
<!-- Generated by org.testng.reporters.JUnitXMLReporter -->
<testsuite hostname="DESKTOP-URC60B5" ignored="0" name="Default test" tests="5" failures="0" timestamp="2022-11-03T05:45:16 PDT" time="66.438" errors="0">
  <testcase name="navigateToLoginPageTest" time="7.537" classname="com.qa.linkedin.testcases.LinkedinFeedPageTest"/>
  <testcase name="doLoginTest" time="33.396" classname="com.qa.linkedin.testcases.LinkedinFeedPageTest"/>
  <testcase name="verifyProfileRailcardTest" time="0.121" classname="com.qa.linkedin.testcases.LinkedinFeedPageTest"/>
  <testcase name="verifyFeedPageTitleTest" time="0.253" classname="com.qa.linkedin.testcases.LinkedinFeedPageTest"/>
  <testcase name="doLogoutTest" time="3.86" classname="com.qa.linkedin.testcases.LinkedinFeedPageTest"/>
</testsuite> <!-- Default test -->
