<?xml version="1.0" encoding="UTF-8"?>
<testng-results skipped="0" failed="0" ignored="0" total="5" passed="5">
  <reporter-output>
  </reporter-output>
  <suite name="Default suite" duration-ms="66438" started-at="2022-11-03T05:44:09 PDT" finished-at="2022-11-03T05:45:16 PDT">
    <groups>
    </groups>
    <test name="Default test" duration-ms="66438" started-at="2022-11-03T05:44:09 PDT" finished-at="2022-11-03T05:45:16 PDT">
      <class name="com.qa.linkedin.testcases.LinkedinFeedPageTest">
        <test-method status="PASS" signature="setup()[pri:0, instance:com.qa.linkedin.testcases.LinkedinFeedPageTest@6e017950]" name="setup" is-config="true" duration-ms="18498" started-at="2022-11-03T05:44:10 PDT" finished-at="2022-11-03T05:44:28 PDT">
          <reporter-output>
          </reporter-output>
        </test-method> <!-- setup -->
        <test-method status="PASS" signature="beforeClass()[pri:0, instance:com.qa.linkedin.testcases.LinkedinFeedPageTest@6e017950]" name="beforeClass" is-config="true" duration-ms="357" started-at="2022-11-03T05:44:28 PDT" finished-at="2022-11-03T05:44:28 PDT">
          <reporter-output>
          </reporter-output>
        </test-method> <!-- beforeClass -->
        <test-method status="PASS" signature="navigateToLoginPageTest()[pri:0, instance:com.qa.linkedin.testcases.LinkedinFeedPageTest@6e017950]" name="navigateToLoginPageTest" duration-ms="7537" started-at="2022-11-03T05:44:28 PDT" description="navigate to login page" finished-at="2022-11-03T05:44:36 PDT">
          <reporter-output>
          </reporter-output>
        </test-method> <!-- navigateToLoginPageTest -->
        <test-method status="PASS" signature="doLoginTest()[pri:1, instance:com.qa.linkedin.testcases.LinkedinFeedPageTest@6e017950]" name="doLoginTest" duration-ms="33396" started-at="2022-11-03T05:44:36 PDT" description="login to linkedin" finished-at="2022-11-03T05:45:09 PDT">
          <reporter-output>
          </reporter-output>
        </test-method> <!-- doLoginTest -->
        <test-method status="PASS" signature="verifyProfileRailcardTest()[pri:2, instance:com.qa.linkedin.testcases.LinkedinFeedPageTest@6e017950]" name="verifyProfileRailcardTest" duration-ms="121" started-at="2022-11-03T05:45:10 PDT" description="verifying profile railcard element" depends-on-methods="com.qa.linkedin.testcases.LinkedinFeedPageTest.doLoginTest" finished-at="2022-11-03T05:45:10 PDT">
          <reporter-output>
          </reporter-output>
        </test-method> <!-- verifyProfileRailcardTest -->
        <test-method status="PASS" signature="verifyFeedPageTitleTest()[pri:3, instance:com.qa.linkedin.testcases.LinkedinFeedPageTest@6e017950]" name="verifyFeedPageTitleTest" duration-ms="253" started-at="2022-11-03T05:45:10 PDT" depends-on-methods="com.qa.linkedin.testcases.LinkedinFeedPageTest.doLoginTest" finished-at="2022-11-03T05:45:10 PDT">
          <reporter-output>
          </reporter-output>
        </test-method> <!-- verifyFeedPageTitleTest -->
        <test-method status="PASS" signature="doLogoutTest()[pri:4, instance:com.qa.linkedin.testcases.LinkedinFeedPageTest@6e017950]" name="doLogoutTest" duration-ms="3860" started-at="2022-11-03T05:45:10 PDT" finished-at="2022-11-03T05:45:14 PDT">
          <reporter-output>
          </reporter-output>
        </test-method> <!-- doLogoutTest -->
        <test-method status="PASS" signature="tearDown()[pri:0, instance:com.qa.linkedin.testcases.LinkedinFeedPageTest@6e017950]" name="tearDown" is-config="true" duration-ms="1867" started-at="2022-11-03T05:45:14 PDT" finished-at="2022-11-03T05:45:16 PDT">
          <reporter-output>
          </reporter-output>
        </test-method> <!-- tearDown -->
      </class> <!-- com.qa.linkedin.testcases.LinkedinFeedPageTest -->
    </test> <!-- Default test -->
  </suite> <!-- Default suite -->
</testng-results>
